<?xml version="1.0" encoding="UTF-8"?>
<!-- Generated by org.testng.reporters.JUnitReportReporter -->
<testsuite hostname="DESKTOP-J5OLTFL" failures="0" tests="2" name="pac2.OrgTest" time="0.014" errors="0" timestamp="2024-08-14T15:29:40 IST" skipped="0">
  <testcase classname="pac2.OrgTest" name="modifyOrgTest" time="0.002"/>
  <system-out/>
  <testcase classname="pac2.OrgTest" name="createOrgTest" time="0.012"/>
  <system-out/>
</testsuite> <!-- pac2.OrgTest -->
